<?xml version="1.0" encoding="UTF-8"?>
<!-- Generated by org.testng.reporters.JUnitReportReporter -->
<testsuite hostname="DESKTOP-3US8DTP" failures="0" tests="2" name="com.shu.AppTest" time="0.046" errors="0" timestamp="2023-06-15T11:54:40 IST" skipped="0">
  <testcase classname="com.shu.AppTest" name="testlogin2" time="0.011"/>
  <testcase classname="com.shu.AppTest" name="testlogin1" time="0.035"/>
</testsuite> <!-- com.shu.AppTest -->
